c:\users\eizel\documents\visual studio 2015\projects\project10\project10\debug\vc140.pdb
c:\users\eizel\documents\visual studio 2015\projects\project10\project10\debug\.netframework,version=v4.5.2.assemblyattributes.obj
c:\users\eizel\documents\visual studio 2015\projects\project10\project10\debug\.netframework,version=v4.5.2.assemblyattributes.asm
c:\users\eizel\documents\visual studio 2015\projects\project10\project10\debug\source.obj
c:\users\eizel\documents\visual studio 2015\projects\project10\project10\debug\mainform.obj
c:\users\eizel\documents\visual studio 2015\projects\project10\debug\project10.exe
c:\users\eizel\documents\visual studio 2015\projects\project10\debug\project10.pdb
c:\users\eizel\documents\visual studio 2015\projects\project10\project10\debug\project10.mainform.resources
c:\users\eizel\documents\visual studio 2015\projects\project10\project10\debug\project10.vcxproj.generateresource.cache
c:\users\eizel\documents\visual studio 2015\projects\project10\project10\debug\project10.vcxprojresolveassemblyreference.cache
c:\users\eizel\documents\visual studio 2015\projects\project10\project10\debug\project10.tlog\cl.command.1.tlog
c:\users\eizel\documents\visual studio 2015\projects\project10\project10\debug\project10.tlog\cl.read.1.tlog
c:\users\eizel\documents\visual studio 2015\projects\project10\project10\debug\project10.tlog\cl.write.1.tlog
c:\users\eizel\documents\visual studio 2015\projects\project10\project10\debug\project10.tlog\link.command.1.tlog
c:\users\eizel\documents\visual studio 2015\projects\project10\project10\debug\project10.tlog\link.read.1.tlog
c:\users\eizel\documents\visual studio 2015\projects\project10\project10\debug\project10.tlog\link.write.1.tlog
c:\users\eizel\documents\visual studio 2015\projects\project10\project10\debug\project10.tlog\metagen.read.1.tlog
c:\users\eizel\documents\visual studio 2015\projects\project10\project10\debug\project10.tlog\metagen.write.1.tlog
c:\users\eizel\documents\visual studio 2015\projects\project10\project10\debug\project10.tlog\project10.write.1u.tlog
c:\users\eizel\documents\visual studio 2015\projects\project10\project10\debug\project10.tlog\tzres.dll.bi
